<?xml version="1.0" encoding="UTF-8"?>
<!-- Generated by org.testng.reporters.JUnitReportReporter -->
<testsuite hostname="EPINHYDW0745" failures="0" tests="1" name="com.test.testcase_01" time="2.669" errors="0" timestamp="2022-08-02T18:04:27 IST" skipped="0">
  <testcase classname="com.test.testcase_01" name="TestCase_01" time="2.669"/>
  <system-out/>
</testsuite> <!-- com.test.testcase_01 -->
